[2022-10-31T00:31:18.321] [INFO] default - Server is working on port  9000
[2022-10-31T00:33:02.368] [INFO] default - Server is working on port  9000
[2022-10-31T00:33:09.633] [INFO] default - Server is working on port  9000
[2022-10-31T00:33:38.667] [INFO] default - Server is working on port  9000
[2022-10-31T00:34:14.262] [INFO] default - Server is working on port  9000
[2022-10-31T00:34:57.484] [INFO] default - Server is working on port  9000
[2022-10-31T00:35:13.682] [INFO] default - Server is working on port  9000
[2022-10-31T00:35:37.835] [INFO] default - Server is working on port  9000
[2022-10-31T00:35:50.256] [INFO] default - Server is working on port  9000
[2022-10-31T00:35:54.129] [INFO] default - Server is working on port  9000
[2022-10-31T00:35:59.688] [INFO] default - Server is working on port  9000
[2022-10-31T00:36:28.476] [INFO] default - Server is working on port  9000
[2022-10-31T00:36:30.220] [INFO] default - Server is working on port  9000
[2022-10-31T00:36:48.667] [INFO] default - Server is working on port  9000
[2022-10-31T00:36:50.184] [INFO] default - Server is working on port  9000
[2022-10-31T00:36:58.403] [INFO] default - Server is working on port  9000
[2022-10-31T00:37:01.549] [INFO] default - Server is working on port  9000
[2022-10-31T00:37:51.045] [INFO] default - Server is working on port  9000
[2022-10-31T00:37:54.362] [INFO] default - Server is working on port  9000
[2022-10-31T00:38:46.675] [INFO] default - Server is working on port  9000
[2022-10-31T00:39:04.905] [INFO] default - Server is working on port  9000
[2022-10-31T00:39:12.657] [INFO] default - Server is working on port  9000
[2022-10-31T00:39:27.349] [INFO] default - Server is working on port  9000
[2022-10-31T00:39:38.877] [INFO] default - Server is working on port  9000
[2022-10-31T00:40:19.642] [INFO] default - Server is working on port  9000
[2022-10-31T00:40:59.389] [INFO] default - Server is working on port  9000
[2022-10-31T00:41:16.330] [INFO] default - Server is working on port  9000
[2022-10-31T00:41:34.342] [INFO] default - Server is working on port  9000
[2022-10-31T00:42:04.835] [INFO] default - Server is working on port  9000
[2022-10-31T00:42:36.200] [INFO] default - Server is working on port  9000
[2022-10-31T00:42:41.250] [INFO] default - Server is working on port  9000
[2022-10-31T00:43:08.294] [INFO] default - Server is working on port  9000
[2022-10-31T00:43:30.655] [INFO] default - Server is working on port  9000
[2022-10-31T00:44:14.179] [INFO] default - Server is working on port  9000
[2022-10-31T00:44:28.757] [INFO] default - Server is working on port  9000
[2022-10-31T00:44:50.009] [INFO] default - Server is working on port  9000
[2022-10-31T00:44:56.210] [INFO] default - Server is working on port  9000
[2022-10-31T00:45:39.252] [INFO] default - Server is working on port  9000
[2022-10-31T00:46:25.482] [INFO] default - Server is working on port  9000
[2022-10-31T00:48:00.650] [INFO] default - Server is working on port  9000
[2022-10-31T00:48:29.591] [INFO] default - Server is working on port  9000
[2022-10-31T00:48:47.169] [INFO] default - Server is working on port  9000
[2022-10-31T00:49:18.886] [INFO] default - Server is working on port  9000
[2022-10-31T00:50:08.796] [INFO] default - Server is working on port  9000
[2022-10-31T00:51:01.309] [INFO] default - Server is working on port  9000
[2022-11-08T23:20:23.882] [INFO] default - Server is working on port  9000
[2022-11-08T23:22:40.372] [INFO] default - Server is working on port  9000
[2022-11-08T23:23:24.517] [INFO] default - Server is working on port  9000
[2022-11-08T23:23:50.980] [INFO] default - Server is working on port  9000
[2022-11-08T23:23:55.743] [INFO] default - Server is working on port  9000
[2022-11-08T23:27:33.159] [INFO] default - Server is working on port  9000
[2022-11-08T23:28:04.336] [INFO] default - Server is working on port  9000
[2022-11-08T23:30:12.427] [INFO] default - Server is working on port  9000
[2022-11-08T23:30:18.807] [ERROR] default - TypeError: userService.getAllUsers is not a function
    at getAllUsers (C:\Practise\NODEJS_SETUP\api\user-service\controller.js:8:46)
    at Layer.handle [as handle_request] (C:\Practise\NODEJS_SETUP\node_modules\express\lib\router\layer.js:95:5)
    at next (C:\Practise\NODEJS_SETUP\node_modules\express\lib\router\route.js:144:13)
    at Route.dispatch (C:\Practise\NODEJS_SETUP\node_modules\express\lib\router\route.js:114:3)
    at Layer.handle [as handle_request] (C:\Practise\NODEJS_SETUP\node_modules\express\lib\router\layer.js:95:5)
    at C:\Practise\NODEJS_SETUP\node_modules\express\lib\router\index.js:284:15
    at Function.process_params (C:\Practise\NODEJS_SETUP\node_modules\express\lib\router\index.js:346:12)
    at next (C:\Practise\NODEJS_SETUP\node_modules\express\lib\router\index.js:280:10)
    at Function.handle (C:\Practise\NODEJS_SETUP\node_modules\express\lib\router\index.js:175:3)
    at router (C:\Practise\NODEJS_SETUP\node_modules\express\lib\router\index.js:47:12)
[2022-11-08T23:30:22.823] [ERROR] default - TypeError: userService.getAllUsers is not a function
    at getAllUsers (C:\Practise\NODEJS_SETUP\api\user-service\controller.js:8:46)
    at Layer.handle [as handle_request] (C:\Practise\NODEJS_SETUP\node_modules\express\lib\router\layer.js:95:5)
    at next (C:\Practise\NODEJS_SETUP\node_modules\express\lib\router\route.js:144:13)
    at Route.dispatch (C:\Practise\NODEJS_SETUP\node_modules\express\lib\router\route.js:114:3)
    at Layer.handle [as handle_request] (C:\Practise\NODEJS_SETUP\node_modules\express\lib\router\layer.js:95:5)
    at C:\Practise\NODEJS_SETUP\node_modules\express\lib\router\index.js:284:15
    at Function.process_params (C:\Practise\NODEJS_SETUP\node_modules\express\lib\router\index.js:346:12)
    at next (C:\Practise\NODEJS_SETUP\node_modules\express\lib\router\index.js:280:10)
    at Function.handle (C:\Practise\NODEJS_SETUP\node_modules\express\lib\router\index.js:175:3)
    at router (C:\Practise\NODEJS_SETUP\node_modules\express\lib\router\index.js:47:12)
[2022-11-08T23:31:23.042] [INFO] default - Server is working on port  9000
[2022-11-08T23:31:53.299] [INFO] default - Server is working on port  9000
